[2025-05-09 03:37:58] local.ERROR: syntax error, unexpected ''ekios'' (T_CONSTANT_ENCAPSED_STRING), expecting ';' {"exception":"[object] (ParseError(code: 0): syntax error, unexpected ''ekios'' (T_CONSTANT_ENCAPSED_STRING), expecting ';' at C:\\Users\\ERMANOVITASATYARIZA\\OneDrive\\ドキュメント\\github\\antrean\\routes\\web.php:43)
[stacktrace]
#0 C:\\Users\\ERMANOVITASATYARIZA\\OneDrive\\ドキュメント\\github\\antrean\\vendor\\laravel\\framework\\src\\Illuminate\\Routing\\Router.php(425): Illuminate\\Routing\\RouteFileRegistrar->register('C:\\\\Users\\\\ERMANO...')
#1 C:\\Users\\ERMANOVITASATYARIZA\\OneDrive\\ドキュメント\\github\\antrean\\vendor\\laravel\\framework\\src\\Illuminate\\Routing\\Router.php(382): Illuminate\\Routing\\Router->loadRoutes('C:\\\\Users\\\\ERMANO...')
#2 C:\\Users\\ERMANOVITASATYARIZA\\OneDrive\\ドキュメント\\github\\antrean\\vendor\\laravel\\framework\\src\\Illuminate\\Routing\\RouteRegistrar.php(163): Illuminate\\Routing\\Router->group(Array, 'C:\\\\Users\\\\ERMANO...')
#3 C:\\Users\\ERMANOVITASATYARIZA\\OneDrive\\ドキュメント\\github\\antrean\\app\\Providers\\RouteServiceProvider.php(48): Illuminate\\Routing\\RouteRegistrar->group('C:\\\\Users\\\\ERMANO...')
#4 C:\\Users\\ERMANOVITASATYARIZA\\OneDrive\\ドキュメント\\github\\antrean\\vendor\\laravel\\framework\\src\\Illuminate\\Container\\BoundMethod.php(36): App\\Providers\\RouteServiceProvider->App\\Providers\\{closure}()
#5 C:\\Users\\ERMANOVITASATYARIZA\\OneDrive\\ドキュメント\\github\\antrean\\vendor\\laravel\\framework\\src\\Illuminate\\Container\\Util.php(40): Illuminate\\Container\\BoundMethod::Illuminate\\Container\\{closure}()
#6 C:\\Users\\ERMANOVITASATYARIZA\\OneDrive\\ドキュメント\\github\\antrean\\vendor\\laravel\\framework\\src\\Illuminate\\Container\\BoundMethod.php(81): Illuminate\\Container\\Util::unwrapIfClosure(Object(Closure))
#7 C:\\Users\\ERMANOVITASATYARIZA\\OneDrive\\ドキュメント\\github\\antrean\\vendor\\laravel\\framework\\src\\Illuminate\\Container\\BoundMethod.php(37): Illuminate\\Container\\BoundMethod::callBoundMethod(Object(Illuminate\\Foundation\\Application), Object(Closure), Object(Closure))
#8 C:\\Users\\ERMANOVITASATYARIZA\\OneDrive\\ドキュメント\\github\\antrean\\vendor\\laravel\\framework\\src\\Illuminate\\Container\\Container.php(653): Illuminate\\Container\\BoundMethod::call(Object(Illuminate\\Foundation\\Application), Object(Closure), Array, NULL)
#9 C:\\Users\\ERMANOVITASATYARIZA\\OneDrive\\ドキュメント\\github\\antrean\\vendor\\laravel\\framework\\src\\Illuminate\\Foundation\\Support\\Providers\\RouteServiceProvider.php(120): Illuminate\\Container\\Container->call(Object(Closure))
#10 C:\\Users\\ERMANOVITASATYARIZA\\OneDrive\\ドキュメント\\github\\antrean\\vendor\\laravel\\framework\\src\\Illuminate\\Foundation\\Support\\Providers\\RouteServiceProvider.php(45): Illuminate\\Foundation\\Support\\Providers\\RouteServiceProvider->loadRoutes()
#11 C:\\Users\\ERMANOVITASATYARIZA\\OneDrive\\ドキュメント\\github\\antrean\\vendor\\laravel\\framework\\src\\Illuminate\\Container\\BoundMethod.php(36): Illuminate\\Foundation\\Support\\Providers\\RouteServiceProvider->Illuminate\\Foundation\\Support\\Providers\\{closure}()
#12 C:\\Users\\ERMANOVITASATYARIZA\\OneDrive\\ドキュメント\\github\\antrean\\vendor\\laravel\\framework\\src\\Illuminate\\Container\\Util.php(40): Illuminate\\Container\\BoundMethod::Illuminate\\Container\\{closure}()
#13 C:\\Users\\ERMANOVITASATYARIZA\\OneDrive\\ドキュメント\\github\\antrean\\vendor\\laravel\\framework\\src\\Illuminate\\Container\\BoundMethod.php(81): Illuminate\\Container\\Util::unwrapIfClosure(Object(Closure))
#14 C:\\Users\\ERMANOVITASATYARIZA\\OneDrive\\ドキュメント\\github\\antrean\\vendor\\laravel\\framework\\src\\Illuminate\\Container\\BoundMethod.php(37): Illuminate\\Container\\BoundMethod::callBoundMethod(Object(Illuminate\\Foundation\\Application), Object(Closure), Object(Closure))
#15 C:\\Users\\ERMANOVITASATYARIZA\\OneDrive\\ドキュメント\\github\\antrean\\vendor\\laravel\\framework\\src\\Illuminate\\Container\\Container.php(653): Illuminate\\Container\\BoundMethod::call(Object(Illuminate\\Foundation\\Application), Object(Closure), Array, NULL)
#16 C:\\Users\\ERMANOVITASATYARIZA\\OneDrive\\ドキュメント\\github\\antrean\\vendor\\laravel\\framework\\src\\Illuminate\\Support\\ServiceProvider.php(119): Illuminate\\Container\\Container->call(Object(Closure))
#17 C:\\Users\\ERMANOVITASATYARIZA\\OneDrive\\ドキュメント\\github\\antrean\\vendor\\laravel\\framework\\src\\Illuminate\\Foundation\\Application.php(929): Illuminate\\Support\\ServiceProvider->callBootedCallbacks()
#18 C:\\Users\\ERMANOVITASATYARIZA\\OneDrive\\ドキュメント\\github\\antrean\\vendor\\laravel\\framework\\src\\Illuminate\\Foundation\\Application.php(907): Illuminate\\Foundation\\Application->bootProvider(Object(App\\Providers\\RouteServiceProvider))
#19 [internal function]: Illuminate\\Foundation\\Application->Illuminate\\Foundation\\{closure}(Object(App\\Providers\\RouteServiceProvider), 24)
#20 C:\\Users\\ERMANOVITASATYARIZA\\OneDrive\\ドキュメント\\github\\antrean\\vendor\\laravel\\framework\\src\\Illuminate\\Foundation\\Application.php(908): array_walk(Array, Object(Closure))
#21 C:\\Users\\ERMANOVITASATYARIZA\\OneDrive\\ドキュメント\\github\\antrean\\vendor\\laravel\\framework\\src\\Illuminate\\Foundation\\Bootstrap\\BootProviders.php(17): Illuminate\\Foundation\\Application->boot()
#22 C:\\Users\\ERMANOVITASATYARIZA\\OneDrive\\ドキュメント\\github\\antrean\\vendor\\laravel\\framework\\src\\Illuminate\\Foundation\\Application.php(237): Illuminate\\Foundation\\Bootstrap\\BootProviders->bootstrap(Object(Illuminate\\Foundation\\Application))
#23 C:\\Users\\ERMANOVITASATYARIZA\\OneDrive\\ドキュメント\\github\\antrean\\vendor\\laravel\\framework\\src\\Illuminate\\Foundation\\Console\\Kernel.php(310): Illuminate\\Foundation\\Application->bootstrapWith(Array)
#24 C:\\Users\\ERMANOVITASATYARIZA\\OneDrive\\ドキュメント\\github\\antrean\\vendor\\laravel\\framework\\src\\Illuminate\\Foundation\\Console\\Kernel.php(127): Illuminate\\Foundation\\Console\\Kernel->bootstrap()
#25 Command line code(1): Illuminate\\Foundation\\Console\\Kernel->handle(Object(Symfony\\Component\\Console\\Input\\ArgvInput), Object(Symfony\\Component\\Console\\Output\\ConsoleOutput))
#26 {main}
"} 
[2025-05-09 08:06:25] local.ERROR: SQLSTATE[42S21]: Column already exists: 1060 Duplicate column name 'role' (SQL: alter table `users` add `role` varchar(255) not null default 'nullable') {"exception":"[object] (Illuminate\\Database\\QueryException(code: 42S21): SQLSTATE[42S21]: Column already exists: 1060 Duplicate column name 'role' (SQL: alter table `users` add `role` varchar(255) not null default 'nullable') at C:\\Users\\ERMANOVITASATYARIZA\\OneDrive\\ドキュメント\\github\\antrean\\vendor\\laravel\\framework\\src\\Illuminate\\Database\\Connection.php:712)
[stacktrace]
#0 C:\\Users\\ERMANOVITASATYARIZA\\OneDrive\\ドキュメント\\github\\antrean\\vendor\\laravel\\framework\\src\\Illuminate\\Database\\Connection.php(672): Illuminate\\Database\\Connection->runQueryCallback('alter table `us...', Array, Object(Closure))
#1 C:\\Users\\ERMANOVITASATYARIZA\\OneDrive\\ドキュメント\\github\\antrean\\vendor\\laravel\\framework\\src\\Illuminate\\Database\\Connection.php(502): Illuminate\\Database\\Connection->run('alter table `us...', Array, Object(Closure))
#2 C:\\Users\\ERMANOVITASATYARIZA\\OneDrive\\ドキュメント\\github\\antrean\\vendor\\laravel\\framework\\src\\Illuminate\\Database\\Schema\\Blueprint.php(109): Illuminate\\Database\\Connection->statement('alter table `us...')
#3 C:\\Users\\ERMANOVITASATYARIZA\\OneDrive\\ドキュメント\\github\\antrean\\vendor\\laravel\\framework\\src\\Illuminate\\Database\\Schema\\Builder.php(364): Illuminate\\Database\\Schema\\Blueprint->build(Object(Illuminate\\Database\\MySqlConnection), Object(Illuminate\\Database\\Schema\\Grammars\\MySqlGrammar))
#4 C:\\Users\\ERMANOVITASATYARIZA\\OneDrive\\ドキュメント\\github\\antrean\\vendor\\laravel\\framework\\src\\Illuminate\\Database\\Schema\\Builder.php(211): Illuminate\\Database\\Schema\\Builder->build(Object(Illuminate\\Database\\Schema\\Blueprint))
#5 C:\\Users\\ERMANOVITASATYARIZA\\OneDrive\\ドキュメント\\github\\antrean\\vendor\\laravel\\framework\\src\\Illuminate\\Support\\Facades\\Facade.php(261): Illuminate\\Database\\Schema\\Builder->table('users', Object(Closure))
#6 C:\\Users\\ERMANOVITASATYARIZA\\OneDrive\\ドキュメント\\github\\antrean\\database\\migrations\\2025_05_09_080426_add_role_to_users_table.php(20): Illuminate\\Support\\Facades\\Facade::__callStatic('table', Array)
#7 C:\\Users\\ERMANOVITASATYARIZA\\OneDrive\\ドキュメント\\github\\antrean\\vendor\\laravel\\framework\\src\\Illuminate\\Database\\Migrations\\Migrator.php(472): AddRoleToUsersTable->up()
#8 C:\\Users\\ERMANOVITASATYARIZA\\OneDrive\\ドキュメント\\github\\antrean\\vendor\\laravel\\framework\\src\\Illuminate\\Database\\Migrations\\Migrator.php(394): Illuminate\\Database\\Migrations\\Migrator->runMethod(Object(Illuminate\\Database\\MySqlConnection), Object(AddRoleToUsersTable), 'up')
#9 C:\\Users\\ERMANOVITASATYARIZA\\OneDrive\\ドキュメント\\github\\antrean\\vendor\\laravel\\framework\\src\\Illuminate\\Database\\Migrations\\Migrator.php(403): Illuminate\\Database\\Migrations\\Migrator->Illuminate\\Database\\Migrations\\{closure}()
#10 C:\\Users\\ERMANOVITASATYARIZA\\OneDrive\\ドキュメント\\github\\antrean\\vendor\\laravel\\framework\\src\\Illuminate\\Database\\Migrations\\Migrator.php(202): Illuminate\\Database\\Migrations\\Migrator->runMigration(Object(AddRoleToUsersTable), 'up')
#11 C:\\Users\\ERMANOVITASATYARIZA\\OneDrive\\ドキュメント\\github\\antrean\\vendor\\laravel\\framework\\src\\Illuminate\\Database\\Migrations\\Migrator.php(167): Illuminate\\Database\\Migrations\\Migrator->runUp('C:\\\\Users\\\\ERMANO...', 2, false)
#12 C:\\Users\\ERMANOVITASATYARIZA\\OneDrive\\ドキュメント\\github\\antrean\\vendor\\laravel\\framework\\src\\Illuminate\\Database\\Migrations\\Migrator.php(112): Illuminate\\Database\\Migrations\\Migrator->runPending(Array, Array)
#13 C:\\Users\\ERMANOVITASATYARIZA\\OneDrive\\ドキュメント\\github\\antrean\\vendor\\laravel\\framework\\src\\Illuminate\\Database\\Console\\Migrations\\MigrateCommand.php(86): Illuminate\\Database\\Migrations\\Migrator->run(Array, Array)
#14 C:\\Users\\ERMANOVITASATYARIZA\\OneDrive\\ドキュメント\\github\\antrean\\vendor\\laravel\\framework\\src\\Illuminate\\Database\\Migrations\\Migrator.php(606): Illuminate\\Database\\Console\\Migrations\\MigrateCommand->Illuminate\\Database\\Console\\Migrations\\{closure}()
#15 C:\\Users\\ERMANOVITASATYARIZA\\OneDrive\\ドキュメント\\github\\antrean\\vendor\\laravel\\framework\\src\\Illuminate\\Database\\Console\\Migrations\\MigrateCommand.php(98): Illuminate\\Database\\Migrations\\Migrator->usingConnection(NULL, Object(Closure))
#16 C:\\Users\\ERMANOVITASATYARIZA\\OneDrive\\ドキュメント\\github\\antrean\\vendor\\laravel\\framework\\src\\Illuminate\\Container\\BoundMethod.php(36): Illuminate\\Database\\Console\\Migrations\\MigrateCommand->handle()
#17 C:\\Users\\ERMANOVITASATYARIZA\\OneDrive\\ドキュメント\\github\\antrean\\vendor\\laravel\\framework\\src\\Illuminate\\Container\\Util.php(40): Illuminate\\Container\\BoundMethod::Illuminate\\Container\\{closure}()
#18 C:\\Users\\ERMANOVITASATYARIZA\\OneDrive\\ドキュメント\\github\\antrean\\vendor\\laravel\\framework\\src\\Illuminate\\Container\\BoundMethod.php(93): Illuminate\\Container\\Util::unwrapIfClosure(Object(Closure))
#19 C:\\Users\\ERMANOVITASATYARIZA\\OneDrive\\ドキュメント\\github\\antrean\\vendor\\laravel\\framework\\src\\Illuminate\\Container\\BoundMethod.php(37): Illuminate\\Container\\BoundMethod::callBoundMethod(Object(Illuminate\\Foundation\\Application), Array, Object(Closure))
#20 C:\\Users\\ERMANOVITASATYARIZA\\OneDrive\\ドキュメント\\github\\antrean\\vendor\\laravel\\framework\\src\\Illuminate\\Container\\Container.php(653): Illuminate\\Container\\BoundMethod::call(Object(Illuminate\\Foundation\\Application), Array, Array, NULL)
#21 C:\\Users\\ERMANOVITASATYARIZA\\OneDrive\\ドキュメント\\github\\antrean\\vendor\\laravel\\framework\\src\\Illuminate\\Console\\Command.php(136): Illuminate\\Container\\Container->call(Array)
#22 C:\\Users\\ERMANOVITASATYARIZA\\OneDrive\\ドキュメント\\github\\antrean\\vendor\\symfony\\console\\Command\\Command.php(298): Illuminate\\Console\\Command->execute(Object(Symfony\\Component\\Console\\Input\\ArgvInput), Object(Illuminate\\Console\\OutputStyle))
#23 C:\\Users\\ERMANOVITASATYARIZA\\OneDrive\\ドキュメント\\github\\antrean\\vendor\\laravel\\framework\\src\\Illuminate\\Console\\Command.php(121): Symfony\\Component\\Console\\Command\\Command->run(Object(Symfony\\Component\\Console\\Input\\ArgvInput), Object(Illuminate\\Console\\OutputStyle))
#24 C:\\Users\\ERMANOVITASATYARIZA\\OneDrive\\ドキュメント\\github\\antrean\\vendor\\symfony\\console\\Application.php(1040): Illuminate\\Console\\Command->run(Object(Symfony\\Component\\Console\\Input\\ArgvInput), Object(Symfony\\Component\\Console\\Output\\ConsoleOutput))
#25 C:\\Users\\ERMANOVITASATYARIZA\\OneDrive\\ドキュメント\\github\\antrean\\vendor\\symfony\\console\\Application.php(301): Symfony\\Component\\Console\\Application->doRunCommand(Object(Illuminate\\Database\\Console\\Migrations\\MigrateCommand), Object(Symfony\\Component\\Console\\Input\\ArgvInput), Object(Symfony\\Component\\Console\\Output\\ConsoleOutput))
#26 C:\\Users\\ERMANOVITASATYARIZA\\OneDrive\\ドキュメント\\github\\antrean\\vendor\\symfony\\console\\Application.php(171): Symfony\\Component\\Console\\Application->doRun(Object(Symfony\\Component\\Console\\Input\\ArgvInput), Object(Symfony\\Component\\Console\\Output\\ConsoleOutput))
#27 C:\\Users\\ERMANOVITASATYARIZA\\OneDrive\\ドキュメント\\github\\antrean\\vendor\\laravel\\framework\\src\\Illuminate\\Console\\Application.php(94): Symfony\\Component\\Console\\Application->run(Object(Symfony\\Component\\Console\\Input\\ArgvInput), Object(Symfony\\Component\\Console\\Output\\ConsoleOutput))
#28 C:\\Users\\ERMANOVITASATYARIZA\\OneDrive\\ドキュメント\\github\\antrean\\vendor\\laravel\\framework\\src\\Illuminate\\Foundation\\Console\\Kernel.php(129): Illuminate\\Console\\Application->run(Object(Symfony\\Component\\Console\\Input\\ArgvInput), Object(Symfony\\Component\\Console\\Output\\ConsoleOutput))
#29 C:\\Users\\ERMANOVITASATYARIZA\\OneDrive\\ドキュメント\\github\\antrean\\artisan(37): Illuminate\\Foundation\\Console\\Kernel->handle(Object(Symfony\\Component\\Console\\Input\\ArgvInput), Object(Symfony\\Component\\Console\\Output\\ConsoleOutput))
#30 {main}

[previous exception] [object] (PDOException(code: 42S21): SQLSTATE[42S21]: Column already exists: 1060 Duplicate column name 'role' at C:\\Users\\ERMANOVITASATYARIZA\\OneDrive\\ドキュメント\\github\\antrean\\vendor\\laravel\\framework\\src\\Illuminate\\Database\\Connection.php:501)
[stacktrace]
#0 C:\\Users\\ERMANOVITASATYARIZA\\OneDrive\\ドキュメント\\github\\antrean\\vendor\\laravel\\framework\\src\\Illuminate\\Database\\Connection.php(501): PDOStatement->execute()
#1 C:\\Users\\ERMANOVITASATYARIZA\\OneDrive\\ドキュメント\\github\\antrean\\vendor\\laravel\\framework\\src\\Illuminate\\Database\\Connection.php(705): Illuminate\\Database\\Connection->Illuminate\\Database\\{closure}('alter table `us...', Array)
#2 C:\\Users\\ERMANOVITASATYARIZA\\OneDrive\\ドキュメント\\github\\antrean\\vendor\\laravel\\framework\\src\\Illuminate\\Database\\Connection.php(672): Illuminate\\Database\\Connection->runQueryCallback('alter table `us...', Array, Object(Closure))
#3 C:\\Users\\ERMANOVITASATYARIZA\\OneDrive\\ドキュメント\\github\\antrean\\vendor\\laravel\\framework\\src\\Illuminate\\Database\\Connection.php(502): Illuminate\\Database\\Connection->run('alter table `us...', Array, Object(Closure))
#4 C:\\Users\\ERMANOVITASATYARIZA\\OneDrive\\ドキュメント\\github\\antrean\\vendor\\laravel\\framework\\src\\Illuminate\\Database\\Schema\\Blueprint.php(109): Illuminate\\Database\\Connection->statement('alter table `us...')
#5 C:\\Users\\ERMANOVITASATYARIZA\\OneDrive\\ドキュメント\\github\\antrean\\vendor\\laravel\\framework\\src\\Illuminate\\Database\\Schema\\Builder.php(364): Illuminate\\Database\\Schema\\Blueprint->build(Object(Illuminate\\Database\\MySqlConnection), Object(Illuminate\\Database\\Schema\\Grammars\\MySqlGrammar))
#6 C:\\Users\\ERMANOVITASATYARIZA\\OneDrive\\ドキュメント\\github\\antrean\\vendor\\laravel\\framework\\src\\Illuminate\\Database\\Schema\\Builder.php(211): Illuminate\\Database\\Schema\\Builder->build(Object(Illuminate\\Database\\Schema\\Blueprint))
#7 C:\\Users\\ERMANOVITASATYARIZA\\OneDrive\\ドキュメント\\github\\antrean\\vendor\\laravel\\framework\\src\\Illuminate\\Support\\Facades\\Facade.php(261): Illuminate\\Database\\Schema\\Builder->table('users', Object(Closure))
#8 C:\\Users\\ERMANOVITASATYARIZA\\OneDrive\\ドキュメント\\github\\antrean\\database\\migrations\\2025_05_09_080426_add_role_to_users_table.php(20): Illuminate\\Support\\Facades\\Facade::__callStatic('table', Array)
#9 C:\\Users\\ERMANOVITASATYARIZA\\OneDrive\\ドキュメント\\github\\antrean\\vendor\\laravel\\framework\\src\\Illuminate\\Database\\Migrations\\Migrator.php(472): AddRoleToUsersTable->up()
#10 C:\\Users\\ERMANOVITASATYARIZA\\OneDrive\\ドキュメント\\github\\antrean\\vendor\\laravel\\framework\\src\\Illuminate\\Database\\Migrations\\Migrator.php(394): Illuminate\\Database\\Migrations\\Migrator->runMethod(Object(Illuminate\\Database\\MySqlConnection), Object(AddRoleToUsersTable), 'up')
#11 C:\\Users\\ERMANOVITASATYARIZA\\OneDrive\\ドキュメント\\github\\antrean\\vendor\\laravel\\framework\\src\\Illuminate\\Database\\Migrations\\Migrator.php(403): Illuminate\\Database\\Migrations\\Migrator->Illuminate\\Database\\Migrations\\{closure}()
#12 C:\\Users\\ERMANOVITASATYARIZA\\OneDrive\\ドキュメント\\github\\antrean\\vendor\\laravel\\framework\\src\\Illuminate\\Database\\Migrations\\Migrator.php(202): Illuminate\\Database\\Migrations\\Migrator->runMigration(Object(AddRoleToUsersTable), 'up')
#13 C:\\Users\\ERMANOVITASATYARIZA\\OneDrive\\ドキュメント\\github\\antrean\\vendor\\laravel\\framework\\src\\Illuminate\\Database\\Migrations\\Migrator.php(167): Illuminate\\Database\\Migrations\\Migrator->runUp('C:\\\\Users\\\\ERMANO...', 2, false)
#14 C:\\Users\\ERMANOVITASATYARIZA\\OneDrive\\ドキュメント\\github\\antrean\\vendor\\laravel\\framework\\src\\Illuminate\\Database\\Migrations\\Migrator.php(112): Illuminate\\Database\\Migrations\\Migrator->runPending(Array, Array)
#15 C:\\Users\\ERMANOVITASATYARIZA\\OneDrive\\ドキュメント\\github\\antrean\\vendor\\laravel\\framework\\src\\Illuminate\\Database\\Console\\Migrations\\MigrateCommand.php(86): Illuminate\\Database\\Migrations\\Migrator->run(Array, Array)
#16 C:\\Users\\ERMANOVITASATYARIZA\\OneDrive\\ドキュメント\\github\\antrean\\vendor\\laravel\\framework\\src\\Illuminate\\Database\\Migrations\\Migrator.php(606): Illuminate\\Database\\Console\\Migrations\\MigrateCommand->Illuminate\\Database\\Console\\Migrations\\{closure}()
#17 C:\\Users\\ERMANOVITASATYARIZA\\OneDrive\\ドキュメント\\github\\antrean\\vendor\\laravel\\framework\\src\\Illuminate\\Database\\Console\\Migrations\\MigrateCommand.php(98): Illuminate\\Database\\Migrations\\Migrator->usingConnection(NULL, Object(Closure))
#18 C:\\Users\\ERMANOVITASATYARIZA\\OneDrive\\ドキュメント\\github\\antrean\\vendor\\laravel\\framework\\src\\Illuminate\\Container\\BoundMethod.php(36): Illuminate\\Database\\Console\\Migrations\\MigrateCommand->handle()
#19 C:\\Users\\ERMANOVITASATYARIZA\\OneDrive\\ドキュメント\\github\\antrean\\vendor\\laravel\\framework\\src\\Illuminate\\Container\\Util.php(40): Illuminate\\Container\\BoundMethod::Illuminate\\Container\\{closure}()
#20 C:\\Users\\ERMANOVITASATYARIZA\\OneDrive\\ドキュメント\\github\\antrean\\vendor\\laravel\\framework\\src\\Illuminate\\Container\\BoundMethod.php(93): Illuminate\\Container\\Util::unwrapIfClosure(Object(Closure))
#21 C:\\Users\\ERMANOVITASATYARIZA\\OneDrive\\ドキュメント\\github\\antrean\\vendor\\laravel\\framework\\src\\Illuminate\\Container\\BoundMethod.php(37): Illuminate\\Container\\BoundMethod::callBoundMethod(Object(Illuminate\\Foundation\\Application), Array, Object(Closure))
#22 C:\\Users\\ERMANOVITASATYARIZA\\OneDrive\\ドキュメント\\github\\antrean\\vendor\\laravel\\framework\\src\\Illuminate\\Container\\Container.php(653): Illuminate\\Container\\BoundMethod::call(Object(Illuminate\\Foundation\\Application), Array, Array, NULL)
#23 C:\\Users\\ERMANOVITASATYARIZA\\OneDrive\\ドキュメント\\github\\antrean\\vendor\\laravel\\framework\\src\\Illuminate\\Console\\Command.php(136): Illuminate\\Container\\Container->call(Array)
#24 C:\\Users\\ERMANOVITASATYARIZA\\OneDrive\\ドキュメント\\github\\antrean\\vendor\\symfony\\console\\Command\\Command.php(298): Illuminate\\Console\\Command->execute(Object(Symfony\\Component\\Console\\Input\\ArgvInput), Object(Illuminate\\Console\\OutputStyle))
#25 C:\\Users\\ERMANOVITASATYARIZA\\OneDrive\\ドキュメント\\github\\antrean\\vendor\\laravel\\framework\\src\\Illuminate\\Console\\Command.php(121): Symfony\\Component\\Console\\Command\\Command->run(Object(Symfony\\Component\\Console\\Input\\ArgvInput), Object(Illuminate\\Console\\OutputStyle))
#26 C:\\Users\\ERMANOVITASATYARIZA\\OneDrive\\ドキュメント\\github\\antrean\\vendor\\symfony\\console\\Application.php(1040): Illuminate\\Console\\Command->run(Object(Symfony\\Component\\Console\\Input\\ArgvInput), Object(Symfony\\Component\\Console\\Output\\ConsoleOutput))
#27 C:\\Users\\ERMANOVITASATYARIZA\\OneDrive\\ドキュメント\\github\\antrean\\vendor\\symfony\\console\\Application.php(301): Symfony\\Component\\Console\\Application->doRunCommand(Object(Illuminate\\Database\\Console\\Migrations\\MigrateCommand), Object(Symfony\\Component\\Console\\Input\\ArgvInput), Object(Symfony\\Component\\Console\\Output\\ConsoleOutput))
#28 C:\\Users\\ERMANOVITASATYARIZA\\OneDrive\\ドキュメント\\github\\antrean\\vendor\\symfony\\console\\Application.php(171): Symfony\\Component\\Console\\Application->doRun(Object(Symfony\\Component\\Console\\Input\\ArgvInput), Object(Symfony\\Component\\Console\\Output\\ConsoleOutput))
#29 C:\\Users\\ERMANOVITASATYARIZA\\OneDrive\\ドキュメント\\github\\antrean\\vendor\\laravel\\framework\\src\\Illuminate\\Console\\Application.php(94): Symfony\\Component\\Console\\Application->run(Object(Symfony\\Component\\Console\\Input\\ArgvInput), Object(Symfony\\Component\\Console\\Output\\ConsoleOutput))
#30 C:\\Users\\ERMANOVITASATYARIZA\\OneDrive\\ドキュメント\\github\\antrean\\vendor\\laravel\\framework\\src\\Illuminate\\Foundation\\Console\\Kernel.php(129): Illuminate\\Console\\Application->run(Object(Symfony\\Component\\Console\\Input\\ArgvInput), Object(Symfony\\Component\\Console\\Output\\ConsoleOutput))
#31 C:\\Users\\ERMANOVITASATYARIZA\\OneDrive\\ドキュメント\\github\\antrean\\artisan(37): Illuminate\\Foundation\\Console\\Kernel->handle(Object(Symfony\\Component\\Console\\Input\\ArgvInput), Object(Symfony\\Component\\Console\\Output\\ConsoleOutput))
#32 {main}
"} 
[2025-05-09 08:07:22] local.ERROR: SQLSTATE[42S21]: Column already exists: 1060 Duplicate column name 'role' (SQL: alter table `users` add `role` varchar(255) not null default 'nullable') {"exception":"[object] (Illuminate\\Database\\QueryException(code: 42S21): SQLSTATE[42S21]: Column already exists: 1060 Duplicate column name 'role' (SQL: alter table `users` add `role` varchar(255) not null default 'nullable') at C:\\Users\\ERMANOVITASATYARIZA\\OneDrive\\ドキュメント\\github\\antrean\\vendor\\laravel\\framework\\src\\Illuminate\\Database\\Connection.php:712)
[stacktrace]
#0 C:\\Users\\ERMANOVITASATYARIZA\\OneDrive\\ドキュメント\\github\\antrean\\vendor\\laravel\\framework\\src\\Illuminate\\Database\\Connection.php(672): Illuminate\\Database\\Connection->runQueryCallback('alter table `us...', Array, Object(Closure))
#1 C:\\Users\\ERMANOVITASATYARIZA\\OneDrive\\ドキュメント\\github\\antrean\\vendor\\laravel\\framework\\src\\Illuminate\\Database\\Connection.php(502): Illuminate\\Database\\Connection->run('alter table `us...', Array, Object(Closure))
#2 C:\\Users\\ERMANOVITASATYARIZA\\OneDrive\\ドキュメント\\github\\antrean\\vendor\\laravel\\framework\\src\\Illuminate\\Database\\Schema\\Blueprint.php(109): Illuminate\\Database\\Connection->statement('alter table `us...')
#3 C:\\Users\\ERMANOVITASATYARIZA\\OneDrive\\ドキュメント\\github\\antrean\\vendor\\laravel\\framework\\src\\Illuminate\\Database\\Schema\\Builder.php(364): Illuminate\\Database\\Schema\\Blueprint->build(Object(Illuminate\\Database\\MySqlConnection), Object(Illuminate\\Database\\Schema\\Grammars\\MySqlGrammar))
#4 C:\\Users\\ERMANOVITASATYARIZA\\OneDrive\\ドキュメント\\github\\antrean\\vendor\\laravel\\framework\\src\\Illuminate\\Database\\Schema\\Builder.php(211): Illuminate\\Database\\Schema\\Builder->build(Object(Illuminate\\Database\\Schema\\Blueprint))
#5 C:\\Users\\ERMANOVITASATYARIZA\\OneDrive\\ドキュメント\\github\\antrean\\vendor\\laravel\\framework\\src\\Illuminate\\Support\\Facades\\Facade.php(261): Illuminate\\Database\\Schema\\Builder->table('users', Object(Closure))
#6 C:\\Users\\ERMANOVITASATYARIZA\\OneDrive\\ドキュメント\\github\\antrean\\database\\migrations\\2025_05_09_080426_add_role_to_users_table.php(20): Illuminate\\Support\\Facades\\Facade::__callStatic('table', Array)
#7 C:\\Users\\ERMANOVITASATYARIZA\\OneDrive\\ドキュメント\\github\\antrean\\vendor\\laravel\\framework\\src\\Illuminate\\Database\\Migrations\\Migrator.php(472): AddRoleToUsersTable->up()
#8 C:\\Users\\ERMANOVITASATYARIZA\\OneDrive\\ドキュメント\\github\\antrean\\vendor\\laravel\\framework\\src\\Illuminate\\Database\\Migrations\\Migrator.php(394): Illuminate\\Database\\Migrations\\Migrator->runMethod(Object(Illuminate\\Database\\MySqlConnection), Object(AddRoleToUsersTable), 'up')
#9 C:\\Users\\ERMANOVITASATYARIZA\\OneDrive\\ドキュメント\\github\\antrean\\vendor\\laravel\\framework\\src\\Illuminate\\Database\\Migrations\\Migrator.php(403): Illuminate\\Database\\Migrations\\Migrator->Illuminate\\Database\\Migrations\\{closure}()
#10 C:\\Users\\ERMANOVITASATYARIZA\\OneDrive\\ドキュメント\\github\\antrean\\vendor\\laravel\\framework\\src\\Illuminate\\Database\\Migrations\\Migrator.php(202): Illuminate\\Database\\Migrations\\Migrator->runMigration(Object(AddRoleToUsersTable), 'up')
#11 C:\\Users\\ERMANOVITASATYARIZA\\OneDrive\\ドキュメント\\github\\antrean\\vendor\\laravel\\framework\\src\\Illuminate\\Database\\Migrations\\Migrator.php(167): Illuminate\\Database\\Migrations\\Migrator->runUp('C:\\\\Users\\\\ERMANO...', 1, false)
#12 C:\\Users\\ERMANOVITASATYARIZA\\OneDrive\\ドキュメント\\github\\antrean\\vendor\\laravel\\framework\\src\\Illuminate\\Database\\Migrations\\Migrator.php(112): Illuminate\\Database\\Migrations\\Migrator->runPending(Array, Array)
#13 C:\\Users\\ERMANOVITASATYARIZA\\OneDrive\\ドキュメント\\github\\antrean\\vendor\\laravel\\framework\\src\\Illuminate\\Database\\Console\\Migrations\\MigrateCommand.php(86): Illuminate\\Database\\Migrations\\Migrator->run(Array, Array)
#14 C:\\Users\\ERMANOVITASATYARIZA\\OneDrive\\ドキュメント\\github\\antrean\\vendor\\laravel\\framework\\src\\Illuminate\\Database\\Migrations\\Migrator.php(606): Illuminate\\Database\\Console\\Migrations\\MigrateCommand->Illuminate\\Database\\Console\\Migrations\\{closure}()
#15 C:\\Users\\ERMANOVITASATYARIZA\\OneDrive\\ドキュメント\\github\\antrean\\vendor\\laravel\\framework\\src\\Illuminate\\Database\\Console\\Migrations\\MigrateCommand.php(98): Illuminate\\Database\\Migrations\\Migrator->usingConnection(NULL, Object(Closure))
#16 C:\\Users\\ERMANOVITASATYARIZA\\OneDrive\\ドキュメント\\github\\antrean\\vendor\\laravel\\framework\\src\\Illuminate\\Container\\BoundMethod.php(36): Illuminate\\Database\\Console\\Migrations\\MigrateCommand->handle()
#17 C:\\Users\\ERMANOVITASATYARIZA\\OneDrive\\ドキュメント\\github\\antrean\\vendor\\laravel\\framework\\src\\Illuminate\\Container\\Util.php(40): Illuminate\\Container\\BoundMethod::Illuminate\\Container\\{closure}()
#18 C:\\Users\\ERMANOVITASATYARIZA\\OneDrive\\ドキュメント\\github\\antrean\\vendor\\laravel\\framework\\src\\Illuminate\\Container\\BoundMethod.php(93): Illuminate\\Container\\Util::unwrapIfClosure(Object(Closure))
#19 C:\\Users\\ERMANOVITASATYARIZA\\OneDrive\\ドキュメント\\github\\antrean\\vendor\\laravel\\framework\\src\\Illuminate\\Container\\BoundMethod.php(37): Illuminate\\Container\\BoundMethod::callBoundMethod(Object(Illuminate\\Foundation\\Application), Array, Object(Closure))
#20 C:\\Users\\ERMANOVITASATYARIZA\\OneDrive\\ドキュメント\\github\\antrean\\vendor\\laravel\\framework\\src\\Illuminate\\Container\\Container.php(653): Illuminate\\Container\\BoundMethod::call(Object(Illuminate\\Foundation\\Application), Array, Array, NULL)
#21 C:\\Users\\ERMANOVITASATYARIZA\\OneDrive\\ドキュメント\\github\\antrean\\vendor\\laravel\\framework\\src\\Illuminate\\Console\\Command.php(136): Illuminate\\Container\\Container->call(Array)
#22 C:\\Users\\ERMANOVITASATYARIZA\\OneDrive\\ドキュメント\\github\\antrean\\vendor\\symfony\\console\\Command\\Command.php(298): Illuminate\\Console\\Command->execute(Object(Symfony\\Component\\Console\\Input\\ArrayInput), Object(Illuminate\\Console\\OutputStyle))
#23 C:\\Users\\ERMANOVITASATYARIZA\\OneDrive\\ドキュメント\\github\\antrean\\vendor\\laravel\\framework\\src\\Illuminate\\Console\\Command.php(121): Symfony\\Component\\Console\\Command\\Command->run(Object(Symfony\\Component\\Console\\Input\\ArrayInput), Object(Illuminate\\Console\\OutputStyle))
#24 C:\\Users\\ERMANOVITASATYARIZA\\OneDrive\\ドキュメント\\github\\antrean\\vendor\\laravel\\framework\\src\\Illuminate\\Console\\Concerns\\CallsCommands.php(68): Illuminate\\Console\\Command->run(Object(Symfony\\Component\\Console\\Input\\ArrayInput), Object(Illuminate\\Console\\OutputStyle))
#25 C:\\Users\\ERMANOVITASATYARIZA\\OneDrive\\ドキュメント\\github\\antrean\\vendor\\laravel\\framework\\src\\Illuminate\\Console\\Concerns\\CallsCommands.php(28): Illuminate\\Console\\Command->runCommand('migrate', Array, Object(Illuminate\\Console\\OutputStyle))
#26 C:\\Users\\ERMANOVITASATYARIZA\\OneDrive\\ドキュメント\\github\\antrean\\vendor\\laravel\\framework\\src\\Illuminate\\Database\\Console\\Migrations\\FreshCommand.php(55): Illuminate\\Console\\Command->call('migrate', Array)
#27 C:\\Users\\ERMANOVITASATYARIZA\\OneDrive\\ドキュメント\\github\\antrean\\vendor\\laravel\\framework\\src\\Illuminate\\Container\\BoundMethod.php(36): Illuminate\\Database\\Console\\Migrations\\FreshCommand->handle()
#28 C:\\Users\\ERMANOVITASATYARIZA\\OneDrive\\ドキュメント\\github\\antrean\\vendor\\laravel\\framework\\src\\Illuminate\\Container\\Util.php(40): Illuminate\\Container\\BoundMethod::Illuminate\\Container\\{closure}()
#29 C:\\Users\\ERMANOVITASATYARIZA\\OneDrive\\ドキュメント\\github\\antrean\\vendor\\laravel\\framework\\src\\Illuminate\\Container\\BoundMethod.php(93): Illuminate\\Container\\Util::unwrapIfClosure(Object(Closure))
#30 C:\\Users\\ERMANOVITASATYARIZA\\OneDrive\\ドキュメント\\github\\antrean\\vendor\\laravel\\framework\\src\\Illuminate\\Container\\BoundMethod.php(37): Illuminate\\Container\\BoundMethod::callBoundMethod(Object(Illuminate\\Foundation\\Application), Array, Object(Closure))
#31 C:\\Users\\ERMANOVITASATYARIZA\\OneDrive\\ドキュメント\\github\\antrean\\vendor\\laravel\\framework\\src\\Illuminate\\Container\\Container.php(653): Illuminate\\Container\\BoundMethod::call(Object(Illuminate\\Foundation\\Application), Array, Array, NULL)
#32 C:\\Users\\ERMANOVITASATYARIZA\\OneDrive\\ドキュメント\\github\\antrean\\vendor\\laravel\\framework\\src\\Illuminate\\Console\\Command.php(136): Illuminate\\Container\\Container->call(Array)
#33 C:\\Users\\ERMANOVITASATYARIZA\\OneDrive\\ドキュメント\\github\\antrean\\vendor\\symfony\\console\\Command\\Command.php(298): Illuminate\\Console\\Command->execute(Object(Symfony\\Component\\Console\\Input\\ArgvInput), Object(Illuminate\\Console\\OutputStyle))
#34 C:\\Users\\ERMANOVITASATYARIZA\\OneDrive\\ドキュメント\\github\\antrean\\vendor\\laravel\\framework\\src\\Illuminate\\Console\\Command.php(121): Symfony\\Component\\Console\\Command\\Command->run(Object(Symfony\\Component\\Console\\Input\\ArgvInput), Object(Illuminate\\Console\\OutputStyle))
#35 C:\\Users\\ERMANOVITASATYARIZA\\OneDrive\\ドキュメント\\github\\antrean\\vendor\\symfony\\console\\Application.php(1040): Illuminate\\Console\\Command->run(Object(Symfony\\Component\\Console\\Input\\ArgvInput), Object(Symfony\\Component\\Console\\Output\\ConsoleOutput))
#36 C:\\Users\\ERMANOVITASATYARIZA\\OneDrive\\ドキュメント\\github\\antrean\\vendor\\symfony\\console\\Application.php(301): Symfony\\Component\\Console\\Application->doRunCommand(Object(Illuminate\\Database\\Console\\Migrations\\FreshCommand), Object(Symfony\\Component\\Console\\Input\\ArgvInput), Object(Symfony\\Component\\Console\\Output\\ConsoleOutput))
#37 C:\\Users\\ERMANOVITASATYARIZA\\OneDrive\\ドキュメント\\github\\antrean\\vendor\\symfony\\console\\Application.php(171): Symfony\\Component\\Console\\Application->doRun(Object(Symfony\\Component\\Console\\Input\\ArgvInput), Object(Symfony\\Component\\Console\\Output\\ConsoleOutput))
#38 C:\\Users\\ERMANOVITASATYARIZA\\OneDrive\\ドキュメント\\github\\antrean\\vendor\\laravel\\framework\\src\\Illuminate\\Console\\Application.php(94): Symfony\\Component\\Console\\Application->run(Object(Symfony\\Component\\Console\\Input\\ArgvInput), Object(Symfony\\Component\\Console\\Output\\ConsoleOutput))
#39 C:\\Users\\ERMANOVITASATYARIZA\\OneDrive\\ドキュメント\\github\\antrean\\vendor\\laravel\\framework\\src\\Illuminate\\Foundation\\Console\\Kernel.php(129): Illuminate\\Console\\Application->run(Object(Symfony\\Component\\Console\\Input\\ArgvInput), Object(Symfony\\Component\\Console\\Output\\ConsoleOutput))
#40 C:\\Users\\ERMANOVITASATYARIZA\\OneDrive\\ドキュメント\\github\\antrean\\artisan(37): Illuminate\\Foundation\\Console\\Kernel->handle(Object(Symfony\\Component\\Console\\Input\\ArgvInput), Object(Symfony\\Component\\Console\\Output\\ConsoleOutput))
#41 {main}

[previous exception] [object] (PDOException(code: 42S21): SQLSTATE[42S21]: Column already exists: 1060 Duplicate column name 'role' at C:\\Users\\ERMANOVITASATYARIZA\\OneDrive\\ドキュメント\\github\\antrean\\vendor\\laravel\\framework\\src\\Illuminate\\Database\\Connection.php:501)
[stacktrace]
#0 C:\\Users\\ERMANOVITASATYARIZA\\OneDrive\\ドキュメント\\github\\antrean\\vendor\\laravel\\framework\\src\\Illuminate\\Database\\Connection.php(501): PDOStatement->execute()
#1 C:\\Users\\ERMANOVITASATYARIZA\\OneDrive\\ドキュメント\\github\\antrean\\vendor\\laravel\\framework\\src\\Illuminate\\Database\\Connection.php(705): Illuminate\\Database\\Connection->Illuminate\\Database\\{closure}('alter table `us...', Array)
#2 C:\\Users\\ERMANOVITASATYARIZA\\OneDrive\\ドキュメント\\github\\antrean\\vendor\\laravel\\framework\\src\\Illuminate\\Database\\Connection.php(672): Illuminate\\Database\\Connection->runQueryCallback('alter table `us...', Array, Object(Closure))
#3 C:\\Users\\ERMANOVITASATYARIZA\\OneDrive\\ドキュメント\\github\\antrean\\vendor\\laravel\\framework\\src\\Illuminate\\Database\\Connection.php(502): Illuminate\\Database\\Connection->run('alter table `us...', Array, Object(Closure))
#4 C:\\Users\\ERMANOVITASATYARIZA\\OneDrive\\ドキュメント\\github\\antrean\\vendor\\laravel\\framework\\src\\Illuminate\\Database\\Schema\\Blueprint.php(109): Illuminate\\Database\\Connection->statement('alter table `us...')
#5 C:\\Users\\ERMANOVITASATYARIZA\\OneDrive\\ドキュメント\\github\\antrean\\vendor\\laravel\\framework\\src\\Illuminate\\Database\\Schema\\Builder.php(364): Illuminate\\Database\\Schema\\Blueprint->build(Object(Illuminate\\Database\\MySqlConnection), Object(Illuminate\\Database\\Schema\\Grammars\\MySqlGrammar))
#6 C:\\Users\\ERMANOVITASATYARIZA\\OneDrive\\ドキュメント\\github\\antrean\\vendor\\laravel\\framework\\src\\Illuminate\\Database\\Schema\\Builder.php(211): Illuminate\\Database\\Schema\\Builder->build(Object(Illuminate\\Database\\Schema\\Blueprint))
#7 C:\\Users\\ERMANOVITASATYARIZA\\OneDrive\\ドキュメント\\github\\antrean\\vendor\\laravel\\framework\\src\\Illuminate\\Support\\Facades\\Facade.php(261): Illuminate\\Database\\Schema\\Builder->table('users', Object(Closure))
#8 C:\\Users\\ERMANOVITASATYARIZA\\OneDrive\\ドキュメント\\github\\antrean\\database\\migrations\\2025_05_09_080426_add_role_to_users_table.php(20): Illuminate\\Support\\Facades\\Facade::__callStatic('table', Array)
#9 C:\\Users\\ERMANOVITASATYARIZA\\OneDrive\\ドキュメント\\github\\antrean\\vendor\\laravel\\framework\\src\\Illuminate\\Database\\Migrations\\Migrator.php(472): AddRoleToUsersTable->up()
#10 C:\\Users\\ERMANOVITASATYARIZA\\OneDrive\\ドキュメント\\github\\antrean\\vendor\\laravel\\framework\\src\\Illuminate\\Database\\Migrations\\Migrator.php(394): Illuminate\\Database\\Migrations\\Migrator->runMethod(Object(Illuminate\\Database\\MySqlConnection), Object(AddRoleToUsersTable), 'up')
#11 C:\\Users\\ERMANOVITASATYARIZA\\OneDrive\\ドキュメント\\github\\antrean\\vendor\\laravel\\framework\\src\\Illuminate\\Database\\Migrations\\Migrator.php(403): Illuminate\\Database\\Migrations\\Migrator->Illuminate\\Database\\Migrations\\{closure}()
#12 C:\\Users\\ERMANOVITASATYARIZA\\OneDrive\\ドキュメント\\github\\antrean\\vendor\\laravel\\framework\\src\\Illuminate\\Database\\Migrations\\Migrator.php(202): Illuminate\\Database\\Migrations\\Migrator->runMigration(Object(AddRoleToUsersTable), 'up')
#13 C:\\Users\\ERMANOVITASATYARIZA\\OneDrive\\ドキュメント\\github\\antrean\\vendor\\laravel\\framework\\src\\Illuminate\\Database\\Migrations\\Migrator.php(167): Illuminate\\Database\\Migrations\\Migrator->runUp('C:\\\\Users\\\\ERMANO...', 1, false)
#14 C:\\Users\\ERMANOVITASATYARIZA\\OneDrive\\ドキュメント\\github\\antrean\\vendor\\laravel\\framework\\src\\Illuminate\\Database\\Migrations\\Migrator.php(112): Illuminate\\Database\\Migrations\\Migrator->runPending(Array, Array)
#15 C:\\Users\\ERMANOVITASATYARIZA\\OneDrive\\ドキュメント\\github\\antrean\\vendor\\laravel\\framework\\src\\Illuminate\\Database\\Console\\Migrations\\MigrateCommand.php(86): Illuminate\\Database\\Migrations\\Migrator->run(Array, Array)
#16 C:\\Users\\ERMANOVITASATYARIZA\\OneDrive\\ドキュメント\\github\\antrean\\vendor\\laravel\\framework\\src\\Illuminate\\Database\\Migrations\\Migrator.php(606): Illuminate\\Database\\Console\\Migrations\\MigrateCommand->Illuminate\\Database\\Console\\Migrations\\{closure}()
#17 C:\\Users\\ERMANOVITASATYARIZA\\OneDrive\\ドキュメント\\github\\antrean\\vendor\\laravel\\framework\\src\\Illuminate\\Database\\Console\\Migrations\\MigrateCommand.php(98): Illuminate\\Database\\Migrations\\Migrator->usingConnection(NULL, Object(Closure))
#18 C:\\Users\\ERMANOVITASATYARIZA\\OneDrive\\ドキュメント\\github\\antrean\\vendor\\laravel\\framework\\src\\Illuminate\\Container\\BoundMethod.php(36): Illuminate\\Database\\Console\\Migrations\\MigrateCommand->handle()
#19 C:\\Users\\ERMANOVITASATYARIZA\\OneDrive\\ドキュメント\\github\\antrean\\vendor\\laravel\\framework\\src\\Illuminate\\Container\\Util.php(40): Illuminate\\Container\\BoundMethod::Illuminate\\Container\\{closure}()
#20 C:\\Users\\ERMANOVITASATYARIZA\\OneDrive\\ドキュメント\\github\\antrean\\vendor\\laravel\\framework\\src\\Illuminate\\Container\\BoundMethod.php(93): Illuminate\\Container\\Util::unwrapIfClosure(Object(Closure))
#21 C:\\Users\\ERMANOVITASATYARIZA\\OneDrive\\ドキュメント\\github\\antrean\\vendor\\laravel\\framework\\src\\Illuminate\\Container\\BoundMethod.php(37): Illuminate\\Container\\BoundMethod::callBoundMethod(Object(Illuminate\\Foundation\\Application), Array, Object(Closure))
#22 C:\\Users\\ERMANOVITASATYARIZA\\OneDrive\\ドキュメント\\github\\antrean\\vendor\\laravel\\framework\\src\\Illuminate\\Container\\Container.php(653): Illuminate\\Container\\BoundMethod::call(Object(Illuminate\\Foundation\\Application), Array, Array, NULL)
#23 C:\\Users\\ERMANOVITASATYARIZA\\OneDrive\\ドキュメント\\github\\antrean\\vendor\\laravel\\framework\\src\\Illuminate\\Console\\Command.php(136): Illuminate\\Container\\Container->call(Array)
#24 C:\\Users\\ERMANOVITASATYARIZA\\OneDrive\\ドキュメント\\github\\antrean\\vendor\\symfony\\console\\Command\\Command.php(298): Illuminate\\Console\\Command->execute(Object(Symfony\\Component\\Console\\Input\\ArrayInput), Object(Illuminate\\Console\\OutputStyle))
#25 C:\\Users\\ERMANOVITASATYARIZA\\OneDrive\\ドキュメント\\github\\antrean\\vendor\\laravel\\framework\\src\\Illuminate\\Console\\Command.php(121): Symfony\\Component\\Console\\Command\\Command->run(Object(Symfony\\Component\\Console\\Input\\ArrayInput), Object(Illuminate\\Console\\OutputStyle))
#26 C:\\Users\\ERMANOVITASATYARIZA\\OneDrive\\ドキュメント\\github\\antrean\\vendor\\laravel\\framework\\src\\Illuminate\\Console\\Concerns\\CallsCommands.php(68): Illuminate\\Console\\Command->run(Object(Symfony\\Component\\Console\\Input\\ArrayInput), Object(Illuminate\\Console\\OutputStyle))
#27 C:\\Users\\ERMANOVITASATYARIZA\\OneDrive\\ドキュメント\\github\\antrean\\vendor\\laravel\\framework\\src\\Illuminate\\Console\\Concerns\\CallsCommands.php(28): Illuminate\\Console\\Command->runCommand('migrate', Array, Object(Illuminate\\Console\\OutputStyle))
#28 C:\\Users\\ERMANOVITASATYARIZA\\OneDrive\\ドキュメント\\github\\antrean\\vendor\\laravel\\framework\\src\\Illuminate\\Database\\Console\\Migrations\\FreshCommand.php(55): Illuminate\\Console\\Command->call('migrate', Array)
#29 C:\\Users\\ERMANOVITASATYARIZA\\OneDrive\\ドキュメント\\github\\antrean\\vendor\\laravel\\framework\\src\\Illuminate\\Container\\BoundMethod.php(36): Illuminate\\Database\\Console\\Migrations\\FreshCommand->handle()
#30 C:\\Users\\ERMANOVITASATYARIZA\\OneDrive\\ドキュメント\\github\\antrean\\vendor\\laravel\\framework\\src\\Illuminate\\Container\\Util.php(40): Illuminate\\Container\\BoundMethod::Illuminate\\Container\\{closure}()
#31 C:\\Users\\ERMANOVITASATYARIZA\\OneDrive\\ドキュメント\\github\\antrean\\vendor\\laravel\\framework\\src\\Illuminate\\Container\\BoundMethod.php(93): Illuminate\\Container\\Util::unwrapIfClosure(Object(Closure))
#32 C:\\Users\\ERMANOVITASATYARIZA\\OneDrive\\ドキュメント\\github\\antrean\\vendor\\laravel\\framework\\src\\Illuminate\\Container\\BoundMethod.php(37): Illuminate\\Container\\BoundMethod::callBoundMethod(Object(Illuminate\\Foundation\\Application), Array, Object(Closure))
#33 C:\\Users\\ERMANOVITASATYARIZA\\OneDrive\\ドキュメント\\github\\antrean\\vendor\\laravel\\framework\\src\\Illuminate\\Container\\Container.php(653): Illuminate\\Container\\BoundMethod::call(Object(Illuminate\\Foundation\\Application), Array, Array, NULL)
#34 C:\\Users\\ERMANOVITASATYARIZA\\OneDrive\\ドキュメント\\github\\antrean\\vendor\\laravel\\framework\\src\\Illuminate\\Console\\Command.php(136): Illuminate\\Container\\Container->call(Array)
#35 C:\\Users\\ERMANOVITASATYARIZA\\OneDrive\\ドキュメント\\github\\antrean\\vendor\\symfony\\console\\Command\\Command.php(298): Illuminate\\Console\\Command->execute(Object(Symfony\\Component\\Console\\Input\\ArgvInput), Object(Illuminate\\Console\\OutputStyle))
#36 C:\\Users\\ERMANOVITASATYARIZA\\OneDrive\\ドキュメント\\github\\antrean\\vendor\\laravel\\framework\\src\\Illuminate\\Console\\Command.php(121): Symfony\\Component\\Console\\Command\\Command->run(Object(Symfony\\Component\\Console\\Input\\ArgvInput), Object(Illuminate\\Console\\OutputStyle))
#37 C:\\Users\\ERMANOVITASATYARIZA\\OneDrive\\ドキュメント\\github\\antrean\\vendor\\symfony\\console\\Application.php(1040): Illuminate\\Console\\Command->run(Object(Symfony\\Component\\Console\\Input\\ArgvInput), Object(Symfony\\Component\\Console\\Output\\ConsoleOutput))
#38 C:\\Users\\ERMANOVITASATYARIZA\\OneDrive\\ドキュメント\\github\\antrean\\vendor\\symfony\\console\\Application.php(301): Symfony\\Component\\Console\\Application->doRunCommand(Object(Illuminate\\Database\\Console\\Migrations\\FreshCommand), Object(Symfony\\Component\\Console\\Input\\ArgvInput), Object(Symfony\\Component\\Console\\Output\\ConsoleOutput))
#39 C:\\Users\\ERMANOVITASATYARIZA\\OneDrive\\ドキュメント\\github\\antrean\\vendor\\symfony\\console\\Application.php(171): Symfony\\Component\\Console\\Application->doRun(Object(Symfony\\Component\\Console\\Input\\ArgvInput), Object(Symfony\\Component\\Console\\Output\\ConsoleOutput))
#40 C:\\Users\\ERMANOVITASATYARIZA\\OneDrive\\ドキュメント\\github\\antrean\\vendor\\laravel\\framework\\src\\Illuminate\\Console\\Application.php(94): Symfony\\Component\\Console\\Application->run(Object(Symfony\\Component\\Console\\Input\\ArgvInput), Object(Symfony\\Component\\Console\\Output\\ConsoleOutput))
#41 C:\\Users\\ERMANOVITASATYARIZA\\OneDrive\\ドキュメント\\github\\antrean\\vendor\\laravel\\framework\\src\\Illuminate\\Foundation\\Console\\Kernel.php(129): Illuminate\\Console\\Application->run(Object(Symfony\\Component\\Console\\Input\\ArgvInput), Object(Symfony\\Component\\Console\\Output\\ConsoleOutput))
#42 C:\\Users\\ERMANOVITASATYARIZA\\OneDrive\\ドキュメント\\github\\antrean\\artisan(37): Illuminate\\Foundation\\Console\\Kernel->handle(Object(Symfony\\Component\\Console\\Input\\ArgvInput), Object(Symfony\\Component\\Console\\Output\\ConsoleOutput))
#43 {main}
"} 
